Traceback (most recent call last):
  File "D:\conda\envs\jb\lib\site-packages\jupyter_cache\executors\utils.py", line 58, in single_nb_execution
    executenb(
  File "C:\Users\87514\AppData\Roaming\Python\Python310\site-packages\nbclient\client.py", line 1319, in execute
    return NotebookClient(nb=nb, resources=resources, km=km, **kwargs).execute()
  File "D:\conda\envs\jb\lib\site-packages\jupyter_core\utils\__init__.py", line 165, in wrapped
    return loop.run_until_complete(inner)
  File "D:\conda\envs\jb\lib\asyncio\base_events.py", line 649, in run_until_complete
    return future.result()
  File "C:\Users\87514\AppData\Roaming\Python\Python310\site-packages\nbclient\client.py", line 709, in async_execute
    await self.async_execute_cell(
  File "C:\Users\87514\AppData\Roaming\Python\Python310\site-packages\nbclient\client.py", line 1062, in async_execute_cell
    await self._check_raise_for_error(cell, cell_index, exec_reply)
  File "C:\Users\87514\AppData\Roaming\Python\Python310\site-packages\nbclient\client.py", line 918, in _check_raise_for_error
    raise CellExecutionError.from_cell_and_msg(cell, exec_reply_content)
nbclient.exceptions.CellExecutionError: An error occurred while executing the following cell:
------------------
from matplotlib import rcParams, cycler
import matplotlib.pyplot as plt
import numpy as np
plt.ion()
------------------


[1;31m---------------------------------------------------------------------------[0m
[1;31mModuleNotFoundError[0m                       Traceback (most recent call last)
Cell [1;32mIn[1], line 1[0m
[1;32m----> 1[0m [38;5;28;01mfrom[39;00m[38;5;250m [39m[38;5;21;01mmatplotlib[39;00m[38;5;250m [39m[38;5;28;01mimport[39;00m rcParams, cycler
[0;32m      2[0m [38;5;28;01mimport[39;00m[38;5;250m [39m[38;5;21;01mmatplotlib[39;00m[38;5;21;01m.[39;00m[38;5;21;01mpyplot[39;00m[38;5;250m [39m[38;5;28;01mas[39;00m[38;5;250m [39m[38;5;21;01mplt[39;00m
[0;32m      3[0m [38;5;28;01mimport[39;00m[38;5;250m [39m[38;5;21;01mnumpy[39;00m[38;5;250m [39m[38;5;28;01mas[39;00m[38;5;250m [39m[38;5;21;01mnp[39;00m

File [1;32m~\AppData\Roaming\Python\Python310\site-packages\matplotlib\__init__.py:161[0m
[0;32m    157[0m [38;5;28;01mfrom[39;00m[38;5;250m [39m[38;5;21;01mpackaging[39;00m[38;5;21;01m.[39;00m[38;5;21;01mversion[39;00m[38;5;250m [39m[38;5;28;01mimport[39;00m parse [38;5;28;01mas[39;00m parse_version
[0;32m    159[0m [38;5;66;03m# cbook must import matplotlib only within function[39;00m
[0;32m    160[0m [38;5;66;03m# definitions, so it is safe to import from it here.[39;00m
[1;32m--> 161[0m [38;5;28;01mfrom[39;00m[38;5;250m [39m[38;5;21;01m.[39;00m[38;5;250m [39m[38;5;28;01mimport[39;00m _api, _version, cbook, _docstring, rcsetup
[0;32m    162[0m [38;5;28;01mfrom[39;00m[38;5;250m [39m[38;5;21;01mmatplotlib[39;00m[38;5;21;01m.[39;00m[38;5;21;01m_api[39;00m[38;5;250m [39m[38;5;28;01mimport[39;00m MatplotlibDeprecationWarning
[0;32m    163[0m [38;5;28;01mfrom[39;00m[38;5;250m [39m[38;5;21;01mmatplotlib[39;00m[38;5;21;01m.[39;00m[38;5;21;01mrcsetup[39;00m[38;5;250m [39m[38;5;28;01mimport[39;00m cycler  [38;5;66;03m# noqa: F401[39;00m

File [1;32m~\AppData\Roaming\Python\Python310\site-packages\matplotlib\rcsetup.py:28[0m
[0;32m     26[0m [38;5;28;01mfrom[39;00m[38;5;250m [39m[38;5;21;01mmatplotlib[39;00m[38;5;21;01m.[39;00m[38;5;21;01mbackends[39;00m[38;5;250m [39m[38;5;28;01mimport[39;00m BackendFilter, backend_registry
[0;32m     27[0m [38;5;28;01mfrom[39;00m[38;5;250m [39m[38;5;21;01mmatplotlib[39;00m[38;5;21;01m.[39;00m[38;5;21;01mcbook[39;00m[38;5;250m [39m[38;5;28;01mimport[39;00m ls_mapper
[1;32m---> 28[0m [38;5;28;01mfrom[39;00m[38;5;250m [39m[38;5;21;01mmatplotlib[39;00m[38;5;21;01m.[39;00m[38;5;21;01mcolors[39;00m[38;5;250m [39m[38;5;28;01mimport[39;00m Colormap, is_color_like
[0;32m     29[0m [38;5;28;01mfrom[39;00m[38;5;250m [39m[38;5;21;01mmatplotlib[39;00m[38;5;21;01m.[39;00m[38;5;21;01m_fontconfig_pattern[39;00m[38;5;250m [39m[38;5;28;01mimport[39;00m parse_fontconfig_pattern
[0;32m     30[0m [38;5;28;01mfrom[39;00m[38;5;250m [39m[38;5;21;01mmatplotlib[39;00m[38;5;21;01m.[39;00m[38;5;21;01m_enums[39;00m[38;5;250m [39m[38;5;28;01mimport[39;00m JoinStyle, CapStyle

File [1;32m~\AppData\Roaming\Python\Python310\site-packages\matplotlib\colors.py:52[0m
[0;32m     49[0m [38;5;28;01mfrom[39;00m[38;5;250m [39m[38;5;21;01mnumbers[39;00m[38;5;250m [39m[38;5;28;01mimport[39;00m Real
[0;32m     50[0m [38;5;28;01mimport[39;00m[38;5;250m [39m[38;5;21;01mre[39;00m
[1;32m---> 52[0m [38;5;28;01mfrom[39;00m[38;5;250m [39m[38;5;21;01mPIL[39;00m[38;5;250m [39m[38;5;28;01mimport[39;00m Image
[0;32m     53[0m [38;5;28;01mfrom[39;00m[38;5;250m [39m[38;5;21;01mPIL[39;00m[38;5;21;01m.[39;00m[38;5;21;01mPngImagePlugin[39;00m[38;5;250m [39m[38;5;28;01mimport[39;00m PngInfo
[0;32m     55[0m [38;5;28;01mimport[39;00m[38;5;250m [39m[38;5;21;01mmatplotlib[39;00m[38;5;250m [39m[38;5;28;01mas[39;00m[38;5;250m [39m[38;5;21;01mmpl[39;00m

[1;31mModuleNotFoundError[0m: No module named 'PIL'

